2025-05-13 15:40:05,884 - INFO - 正在连接到服务器 144.202.26.208:8000...
2025-05-13 15:40:06,184 - INFO - 已连接到服务器，隧道ID: 1
2025-05-13 15:40:22,134 - INFO - 服务器连接已关闭
2025-05-13 15:40:27,135 - INFO - 正在连接到服务器 144.202.26.208:8000...
2025-05-13 15:40:28,098 - INFO - 已连接到服务器，隧道ID: 1
2025-05-13 15:44:26,284 - INFO - 正在连接到服务器 144.202.26.208:8000...
2025-05-13 15:44:26,547 - INFO - 成功连接到服务器
2025-05-13 15:44:26,547 - INFO - 发送注册消息: {"type": "register", "tunnel_id": "1"}
2025-05-13 15:44:26,547 - INFO - 注册消息已发送，等待服务器响应...
2025-05-13 15:44:30,848 - INFO - 服务器连接已关闭
2025-05-13 15:44:30,848 - INFO - 将在 5 秒后重试连接
2025-05-13 15:44:35,863 - INFO - 正在连接到服务器 144.202.26.208:8000...
2025-05-13 15:44:39,074 - ERROR - 连接错误: [WinError 10061] 由于目标计算机积极拒绝，无法连接。
2025-05-13 15:44:39,074 - INFO - 将在 7.5 秒后重试连接
2025-05-13 15:44:46,582 - INFO - 正在连接到服务器 144.202.26.208:8000...
2025-05-13 15:44:50,104 - ERROR - 连接错误: [WinError 10061] 由于目标计算机积极拒绝，无法连接。
2025-05-13 15:44:50,104 - INFO - 将在 11.25 秒后重试连接
2025-05-13 15:45:01,358 - INFO - 正在连接到服务器 144.202.26.208:8000...
2025-05-13 15:45:04,870 - ERROR - 连接错误: [WinError 10061] 由于目标计算机积极拒绝，无法连接。
2025-05-13 15:45:04,870 - INFO - 将在 16.875 秒后重试连接
2025-05-13 15:45:21,756 - INFO - 正在连接到服务器 144.202.26.208:8000...
2025-05-13 15:45:21,978 - INFO - 成功连接到服务器
2025-05-13 15:45:21,978 - INFO - 发送注册消息: {"type": "register", "tunnel_id": "1"}
2025-05-13 15:45:21,978 - INFO - 注册消息已发送，等待服务器响应...
2025-05-13 15:45:34,976 - INFO - 收到请求: df12364a-b088-4a2d-876a-d00007a91ad5
2025-05-13 15:45:34,980 - INFO - 处理请求 df12364a-b088-4a2d-876a-d00007a91ad5
2025-05-13 15:45:34,980 - INFO - 请求详情: GET /
2025-05-13 15:45:34,980 - INFO - 发送测试响应: df12364a-b088-4a2d-876a-d00007a91ad5
2025-05-13 15:45:34,981 - INFO - 测试响应已发送: df12364a-b088-4a2d-876a-d00007a91ad5
2025-05-13 15:45:44,915 - INFO - 收到请求: 8d587129-42e1-425c-b946-117b3c81d0b2
2025-05-13 15:45:44,915 - INFO - 处理请求 8d587129-42e1-425c-b946-117b3c81d0b2
2025-05-13 15:45:44,918 - INFO - 请求详情: GET /
2025-05-13 15:45:44,918 - INFO - 发送测试响应: 8d587129-42e1-425c-b946-117b3c81d0b2
2025-05-13 15:45:44,918 - INFO - 测试响应已发送: 8d587129-42e1-425c-b946-117b3c81d0b2
2025-05-13 15:47:56,892 - INFO - 将在 25.3125 秒后重试连接
2025-05-13 15:48:22,209 - INFO - 正在停止客户端...
2025-05-13 15:51:18,301 - INFO - 正在连接到服务器 144.202.26.208:8000...
2025-05-13 15:51:18,585 - INFO - 成功连接到服务器
2025-05-13 15:51:18,586 - INFO - 发送注册消息: {"type": "register", "tunnel_id": "1"}
2025-05-13 15:51:18,586 - INFO - 注册消息已发送，等待服务器响应...
2025-05-13 15:52:25,376 - INFO - 正在连接到服务器 144.202.26.208:8000...
2025-05-13 15:52:25,700 - INFO - 成功连接到服务器
2025-05-13 15:52:25,700 - INFO - 发送注册消息: {"type": "register", "tunnel_id": "1"}
2025-05-13 15:52:25,700 - INFO - 注册消息已发送，等待服务器响应...
2025-05-13 15:52:28,273 - INFO - 服务器连接已关闭
2025-05-13 15:52:28,273 - INFO - 将在 5 秒后重试连接
2025-05-13 15:52:33,273 - INFO - 正在连接到服务器 144.202.26.208:8000...
2025-05-13 15:52:33,523 - INFO - 成功连接到服务器
2025-05-13 15:52:33,523 - INFO - 发送注册消息: {"type": "register", "tunnel_id": "1"}
2025-05-13 15:52:33,528 - INFO - 注册消息已发送，等待服务器响应...
2025-05-13 15:55:52,624 - INFO - 正在连接到服务器 144.202.26.208:8000...
2025-05-13 15:55:52,895 - INFO - 成功连接到服务器
2025-05-13 15:55:52,896 - INFO - 发送注册消息: {"type": "register", "tunnel_id": "1"}
2025-05-13 15:55:52,896 - INFO - 注册消息已发送，等待服务器响应...
2025-05-13 15:55:53,399 - INFO - 发送心跳消息
2025-05-13 15:55:53,653 - WARNING - 收到未知类型的消息: heartbeat_response
2025-05-13 15:56:02,603 - INFO - 收到请求: 8102bc08-209c-40b7-9bee-0de343047e4c
2025-05-13 15:56:02,606 - INFO - 处理请求 8102bc08-209c-40b7-9bee-0de343047e4c
2025-05-13 15:56:02,606 - INFO - 请求详情: GET /
2025-05-13 15:56:02,606 - INFO - 发送测试响应: 8102bc08-209c-40b7-9bee-0de343047e4c
2025-05-13 15:56:02,606 - INFO - 测试响应已发送: 8102bc08-209c-40b7-9bee-0de343047e4c
2025-05-13 15:56:26,651 - INFO - 收到请求: bed97169-27bd-4c03-8d2a-9f8367f92e0a
2025-05-13 15:56:26,651 - INFO - 处理请求 bed97169-27bd-4c03-8d2a-9f8367f92e0a
2025-05-13 15:56:26,651 - INFO - 请求详情: GET /
2025-05-13 15:56:26,651 - INFO - 发送测试响应: bed97169-27bd-4c03-8d2a-9f8367f92e0a
2025-05-13 15:56:26,651 - INFO - 测试响应已发送: bed97169-27bd-4c03-8d2a-9f8367f92e0a
2025-05-13 15:58:13,505 - INFO - 正在连接到服务器 144.202.26.208:8000...
2025-05-13 15:58:13,745 - INFO - 成功连接到服务器
2025-05-13 15:58:13,745 - INFO - 发送注册消息: {"type": "register", "tunnel_id": "1"}
2025-05-13 15:58:13,745 - INFO - 注册消息已发送，等待服务器响应...
2025-05-13 15:58:14,250 - INFO - 发送心跳消息
2025-05-13 15:58:14,473 - WARNING - 收到未知类型的消息: heartbeat_response
2025-05-13 15:58:15,980 - INFO - 收到请求: e24e529b-d76d-47fe-a8db-dc259de12582
2025-05-13 15:58:15,987 - INFO - 处理请求 e24e529b-d76d-47fe-a8db-dc259de12582
2025-05-13 15:58:15,988 - INFO - 请求详情: GET /
2025-05-13 15:58:15,988 - INFO - 发送测试响应: e24e529b-d76d-47fe-a8db-dc259de12582
2025-05-13 15:58:15,992 - INFO - 测试响应已发送: e24e529b-d76d-47fe-a8db-dc259de12582
2025-05-13 16:01:08,331 - INFO - 正在连接到服务器 144.202.26.208:8000...
2025-05-13 16:01:08,589 - INFO - 成功连接到服务器
2025-05-13 16:01:08,589 - INFO - 发送注册消息: {"type": "register", "tunnel_id": "1"}
2025-05-13 16:01:08,589 - INFO - 注册消息已发送，等待服务器响应...
2025-05-13 16:01:09,099 - INFO - 发送心跳消息
2025-05-13 16:01:09,346 - WARNING - 收到未知类型的消息: heartbeat_response
2025-05-13 16:01:10,814 - INFO - 收到请求: 07ed8476-f403-4949-89c6-81fe02f898be
2025-05-13 16:01:10,814 - INFO - 处理请求 07ed8476-f403-4949-89c6-81fe02f898be
2025-05-13 16:01:10,820 - INFO - 请求详情: GET /
2025-05-13 16:01:10,820 - INFO - 发送测试响应: 07ed8476-f403-4949-89c6-81fe02f898be
2025-05-13 16:01:10,820 - INFO - 测试响应已发送: 07ed8476-f403-4949-89c6-81fe02f898be
2025-05-13 16:06:57,010 - INFO - 正在连接到服务器 144.202.26.208:8000...
2025-05-13 16:06:57,328 - INFO - 成功连接到服务器
2025-05-13 16:06:57,328 - INFO - 发送注册消息: {"type": "register", "tunnel_id": "1"}
2025-05-13 16:06:57,328 - INFO - 注册消息已发送，等待服务器响应...
2025-05-13 16:06:57,844 - INFO - 发送心跳消息
2025-05-13 16:06:58,128 - WARNING - 收到未知类型的消息: heartbeat_response
2025-05-13 16:07:03,074 - INFO - 收到请求: c376ad69-4e99-44c4-97fa-a08bc82eb5de
2025-05-13 16:07:03,074 - ERROR - 处理请求 c376ad69-4e99-44c4-97fa-a08bc82eb5de 错误: 'str' object has no attribute 'get'
Traceback (most recent call last):
  File "C:\Users\windy\Desktop\my_cloudflared\client.py", line 162, in handle_request
    method = data.get('method', 'GET')
AttributeError: 'str' object has no attribute 'get'
2025-05-13 16:07:03,084 - INFO - 错误响应已发送: c376ad69-4e99-44c4-97fa-a08bc82eb5de
2025-05-13 16:07:59,608 - INFO - 正在连接到服务器 144.202.26.208:8000...
2025-05-13 16:07:59,842 - INFO - 成功连接到服务器
2025-05-13 16:07:59,842 - INFO - 发送注册消息: {"type": "register", "tunnel_id": "1"}
2025-05-13 16:07:59,842 - INFO - 注册消息已发送，等待服务器响应...
2025-05-13 16:08:00,353 - INFO - 发送心跳消息
2025-05-13 16:08:00,581 - WARNING - 收到未知类型的消息: heartbeat_response
2025-05-13 16:08:02,262 - INFO - 收到请求: b6195d1f-5c3a-4799-9ada-43b15e80e77b
2025-05-13 16:08:02,264 - INFO - 连接本地服务 127.0.0.1:5003
2025-05-13 16:08:02,285 - INFO - 发送请求到本地服务
2025-05-13 16:08:02,286 - INFO - 等待本地服务响应
2025-05-13 16:08:02,388 - INFO - 响应已发送: b6195d1f-5c3a-4799-9ada-43b15e80e77b
2025-05-13 16:09:25,174 - INFO - 收到请求: 5a593d96-7d80-46d5-b673-9ed0f6efc7ea
2025-05-13 16:09:25,174 - INFO - 连接本地服务 127.0.0.1:5003
2025-05-13 16:09:25,186 - INFO - 发送请求到本地服务
2025-05-13 16:09:25,189 - INFO - 等待本地服务响应
2025-05-13 16:09:25,274 - INFO - 响应已发送: 5a593d96-7d80-46d5-b673-9ed0f6efc7ea
2025-05-13 16:09:41,010 - INFO - 收到请求: d28e559d-49e3-4baa-a544-8f8caa62d070
2025-05-13 16:09:41,011 - INFO - 连接本地服务 127.0.0.1:5003
2025-05-13 16:09:41,025 - INFO - 发送请求到本地服务
2025-05-13 16:09:41,027 - INFO - 等待本地服务响应
2025-05-13 16:09:41,124 - INFO - 响应已发送: d28e559d-49e3-4baa-a544-8f8caa62d070
2025-05-13 16:09:43,356 - INFO - 收到请求: 4a9dbab3-742d-40d5-9ebf-d126c6173156
2025-05-13 16:09:43,356 - INFO - 连接本地服务 127.0.0.1:5003
2025-05-13 16:09:43,369 - INFO - 发送请求到本地服务
2025-05-13 16:09:43,371 - INFO - 等待本地服务响应
2025-05-13 16:09:43,477 - INFO - 响应已发送: 4a9dbab3-742d-40d5-9ebf-d126c6173156
2025-05-13 16:09:43,710 - INFO - 收到请求: b3ff33ab-b12a-46d5-8b9f-39e915fd7e13
2025-05-13 16:09:43,713 - INFO - 连接本地服务 127.0.0.1:5003
2025-05-13 16:09:43,727 - INFO - 发送请求到本地服务
2025-05-13 16:09:43,730 - INFO - 等待本地服务响应
2025-05-13 16:09:43,755 - INFO - 响应已发送: b3ff33ab-b12a-46d5-8b9f-39e915fd7e13
2025-05-13 16:09:44,011 - INFO - 收到请求: b5bd54ad-5c19-4379-9bb7-e4ff2fd142ba
2025-05-13 16:09:44,019 - INFO - 连接本地服务 127.0.0.1:5003
2025-05-13 16:09:44,034 - INFO - 发送请求到本地服务
2025-05-13 16:09:44,036 - INFO - 等待本地服务响应
2025-05-13 16:09:44,049 - INFO - 响应已发送: b5bd54ad-5c19-4379-9bb7-e4ff2fd142ba
2025-05-13 16:09:45,826 - INFO - 收到请求: 7861abd8-d3c2-493d-bbf9-7f4343bb8241
2025-05-13 16:09:45,826 - INFO - 连接本地服务 127.0.0.1:5003
2025-05-13 16:09:45,851 - INFO - 发送请求到本地服务
2025-05-13 16:09:45,852 - INFO - 等待本地服务响应
2025-05-13 16:09:45,864 - INFO - 响应已发送: 7861abd8-d3c2-493d-bbf9-7f4343bb8241
2025-05-13 16:09:46,095 - INFO - 收到请求: f733ce32-789d-4740-ab5f-6ac36fd7b9b1
2025-05-13 16:09:46,095 - INFO - 连接本地服务 127.0.0.1:5003
2025-05-13 16:09:46,111 - INFO - 发送请求到本地服务
2025-05-13 16:09:46,113 - INFO - 等待本地服务响应
2025-05-13 16:09:46,129 - INFO - 响应已发送: f733ce32-789d-4740-ab5f-6ac36fd7b9b1
2025-05-13 16:10:24,386 - INFO - 收到请求: 40762c49-fbb2-46e6-bd77-b9baf0279575
2025-05-13 16:10:24,389 - INFO - 连接本地服务 127.0.0.1:5003
2025-05-13 16:10:24,391 - INFO - 发送请求到本地服务
2025-05-13 16:10:24,394 - INFO - 等待本地服务响应
2025-05-13 16:10:24,425 - INFO - 响应已发送: 40762c49-fbb2-46e6-bd77-b9baf0279575
2025-05-13 16:12:46,450 - INFO - 收到请求: 4fbbc685-d3b7-451a-b0a7-c44ce2e83d8e
2025-05-13 16:12:46,452 - INFO - 连接本地服务 127.0.0.1:5003
2025-05-13 16:12:46,452 - INFO - 发送请求到本地服务
2025-05-13 16:12:46,454 - INFO - 等待本地服务响应
2025-05-13 16:12:46,460 - INFO - 响应已发送: 4fbbc685-d3b7-451a-b0a7-c44ce2e83d8e
2025-05-13 16:13:02,061 - INFO - 收到请求: 374b757a-9541-4406-a0ad-a344c90f4b4a
2025-05-13 16:13:02,064 - INFO - 连接本地服务 127.0.0.1:5003
2025-05-13 16:13:02,079 - INFO - 发送请求到本地服务
2025-05-13 16:13:02,081 - INFO - 等待本地服务响应
2025-05-13 16:13:02,109 - INFO - 响应已发送: 374b757a-9541-4406-a0ad-a344c90f4b4a
2025-05-13 16:14:32,974 - INFO - 收到请求: f271f6aa-2c59-4289-bb94-60b39eca086c
2025-05-13 16:14:32,974 - INFO - 连接本地服务 127.0.0.1:5003
2025-05-13 16:14:32,989 - INFO - 发送请求到本地服务
2025-05-13 16:14:32,991 - INFO - 等待本地服务响应
2025-05-13 16:14:33,009 - INFO - 响应已发送: f271f6aa-2c59-4289-bb94-60b39eca086c
2025-05-13 16:15:47,765 - INFO - 收到请求: 2e6fa744-942d-4a20-9a78-0355fd78f851
2025-05-13 16:15:47,765 - INFO - 连接本地服务 127.0.0.1:5003
2025-05-13 16:15:47,783 - INFO - 发送请求到本地服务
2025-05-13 16:15:47,783 - INFO - 等待本地服务响应
2025-05-13 16:15:47,789 - INFO - 响应已发送: 2e6fa744-942d-4a20-9a78-0355fd78f851
2025-05-13 16:15:49,502 - INFO - 收到请求: d7eea8ac-0e3e-4408-a883-428ccde9fee6
2025-05-13 16:15:49,510 - INFO - 连接本地服务 127.0.0.1:5003
2025-05-13 16:15:49,525 - INFO - 发送请求到本地服务
2025-05-13 16:15:49,528 - INFO - 等待本地服务响应
2025-05-13 16:15:49,551 - INFO - 响应已发送: d7eea8ac-0e3e-4408-a883-428ccde9fee6
2025-05-13 16:15:53,468 - INFO - 收到请求: 28faa0cb-3667-42bb-9fab-4aa50a23ecc0
2025-05-13 16:15:53,468 - INFO - 连接本地服务 127.0.0.1:5003
2025-05-13 16:15:53,484 - INFO - 发送请求到本地服务
2025-05-13 16:15:53,484 - INFO - 等待本地服务响应
2025-05-13 16:15:53,494 - INFO - 响应已发送: 28faa0cb-3667-42bb-9fab-4aa50a23ecc0
2025-05-13 16:15:54,302 - INFO - 收到请求: 3a7eb744-9f76-4722-bbb3-0251f71bd200
2025-05-13 16:15:54,314 - INFO - 连接本地服务 127.0.0.1:5003
2025-05-13 16:15:54,314 - INFO - 发送请求到本地服务
2025-05-13 16:15:54,319 - INFO - 等待本地服务响应
2025-05-13 16:15:54,338 - INFO - 响应已发送: 3a7eb744-9f76-4722-bbb3-0251f71bd200
2025-05-13 16:15:55,308 - INFO - 收到请求: 6d308407-34df-4309-b527-e094b60600ab
2025-05-13 16:15:55,317 - INFO - 连接本地服务 127.0.0.1:5003
2025-05-13 16:15:55,331 - INFO - 发送请求到本地服务
2025-05-13 16:15:55,332 - INFO - 等待本地服务响应
2025-05-13 16:15:55,340 - INFO - 响应已发送: 6d308407-34df-4309-b527-e094b60600ab
2025-05-13 16:15:55,879 - INFO - 收到请求: 3efe00c2-50e2-4816-ad71-6aa907351999
2025-05-13 16:15:55,879 - INFO - 连接本地服务 127.0.0.1:5003
2025-05-13 16:15:55,902 - INFO - 发送请求到本地服务
2025-05-13 16:15:55,904 - INFO - 等待本地服务响应
2025-05-13 16:15:55,920 - INFO - 响应已发送: 3efe00c2-50e2-4816-ad71-6aa907351999
2025-05-13 16:15:56,455 - INFO - 收到请求: 36afd0bb-e373-415f-830c-acc5d3d9b952
2025-05-13 16:15:56,458 - INFO - 连接本地服务 127.0.0.1:5003
2025-05-13 16:15:56,479 - INFO - 发送请求到本地服务
2025-05-13 16:15:56,480 - INFO - 等待本地服务响应
2025-05-13 16:15:56,497 - INFO - 响应已发送: 36afd0bb-e373-415f-830c-acc5d3d9b952
2025-05-13 16:16:09,082 - INFO - 收到请求: 46c22649-630d-4fd9-ab8d-e177c4bcf4dc
2025-05-13 16:16:09,095 - INFO - 连接本地服务 127.0.0.1:5003
2025-05-13 16:16:09,110 - INFO - 发送请求到本地服务
2025-05-13 16:16:09,112 - INFO - 等待本地服务响应
2025-05-13 16:16:09,128 - INFO - 响应已发送: 46c22649-630d-4fd9-ab8d-e177c4bcf4dc
2025-05-13 16:18:34,187 - INFO - 收到请求: a8e187d1-98a7-4222-9ea6-9d9ca1bf4bc7
2025-05-13 16:18:34,188 - INFO - 连接本地服务 127.0.0.1:5003
2025-05-13 16:18:36,220 - ERROR - 连接本地服务错误: [WinError 10061] 由于目标计算机积极拒绝，无法连接。
2025-05-13 16:18:36,221 - INFO - 错误响应已发送: a8e187d1-98a7-4222-9ea6-9d9ca1bf4bc7
2025-05-13 16:18:58,981 - INFO - 正在连接到服务器 144.202.26.208:8000...
2025-05-13 16:18:59,359 - INFO - 成功连接到服务器
2025-05-13 16:18:59,359 - INFO - 发送注册消息: {"type": "register", "tunnel_id": "1"}
2025-05-13 16:18:59,359 - INFO - 注册消息已发送，等待服务器响应...
2025-05-13 16:18:59,860 - INFO - 发送心跳消息
2025-05-13 16:19:00,153 - WARNING - 收到未知类型的消息: heartbeat_response
2025-05-13 16:19:02,723 - INFO - 收到请求: eb8e5aed-e681-4af5-b29a-32b062e8b700
2025-05-13 16:19:02,726 - INFO - 连接本地服务 127.0.0.1:5008
2025-05-13 16:19:02,729 - INFO - 发送请求到本地服务
2025-05-13 16:19:02,729 - INFO - 等待本地服务响应
2025-05-13 16:19:02,740 - INFO - 响应已发送: eb8e5aed-e681-4af5-b29a-32b062e8b700
2025-05-13 16:19:14,471 - INFO - 收到请求: ae56a83e-12db-4753-863d-4c36051f9663
2025-05-13 16:19:14,473 - INFO - 连接本地服务 127.0.0.1:5008
2025-05-13 16:19:14,488 - INFO - 发送请求到本地服务
2025-05-13 16:19:14,489 - INFO - 等待本地服务响应
2025-05-13 16:19:14,497 - INFO - 响应已发送: ae56a83e-12db-4753-863d-4c36051f9663
2025-05-13 16:19:51,689 - INFO - 收到请求: f0b0e8a7-40b4-430e-ae0d-68ec77cf9f9f
2025-05-13 16:19:51,704 - INFO - 连接本地服务 127.0.0.1:5008
2025-05-13 16:19:51,720 - INFO - 发送请求到本地服务
2025-05-13 16:19:51,720 - INFO - 等待本地服务响应
2025-05-13 16:19:51,730 - INFO - 响应已发送: f0b0e8a7-40b4-430e-ae0d-68ec77cf9f9f
2025-05-13 16:33:01,611 - INFO - 正在连接到服务器 144.202.26.208:8000...
2025-05-13 16:33:01,874 - INFO - 成功连接到服务器
2025-05-13 16:33:01,874 - INFO - 发送注册消息: {"type": "register", "tunnel_id": "1"}
2025-05-13 16:33:01,874 - INFO - 注册消息已发送，等待服务器响应...
2025-05-13 16:33:02,383 - INFO - 发送心跳消息
2025-05-13 16:33:02,667 - WARNING - 收到未知类型的消息: heartbeat_response
2025-05-13 16:33:15,562 - INFO - 服务器连接已关闭
2025-05-13 16:33:15,562 - INFO - 将在 5 秒后重试连接
2025-05-13 16:33:20,566 - INFO - 正在连接到服务器 144.202.26.208:8000...
2025-05-13 16:33:20,881 - INFO - 成功连接到服务器
2025-05-13 16:33:20,881 - INFO - 发送注册消息: {"type": "register", "tunnel_id": "1"}
2025-05-13 16:33:20,881 - INFO - 注册消息已发送，等待服务器响应...
2025-05-13 16:33:21,390 - INFO - 发送心跳消息
2025-05-13 16:33:21,692 - WARNING - 收到未知类型的消息: heartbeat_response
2025-05-13 16:33:22,859 - INFO - 收到请求: e993b63d-48a4-410b-af43-b3f64065fced
2025-05-13 16:33:22,862 - INFO - 连接本地服务 127.0.0.1:5008
2025-05-13 16:33:22,865 - INFO - 发送请求到本地服务
2025-05-13 16:33:22,867 - INFO - 等待本地服务响应
2025-05-13 16:33:22,879 - INFO - 响应已发送: e993b63d-48a4-410b-af43-b3f64065fced
2025-05-13 16:33:25,350 - INFO - 收到请求: f63c1d66-53c4-47cf-b21f-92ef75506a6c
2025-05-13 16:33:25,354 - INFO - 连接本地服务 127.0.0.1:5008
2025-05-13 16:33:25,356 - INFO - 发送请求到本地服务
2025-05-13 16:33:25,359 - INFO - 等待本地服务响应
2025-05-13 16:33:25,368 - INFO - 响应已发送: f63c1d66-53c4-47cf-b21f-92ef75506a6c
2025-05-13 16:54:51,065 - INFO - 正在连接到服务器 144.202.26.208:8000...
2025-05-13 16:54:54,226 - ERROR - 连接错误: [WinError 10061] 由于目标计算机积极拒绝，无法连接。
2025-05-13 16:54:54,226 - INFO - 将在 5 秒后重试连接
2025-05-13 16:54:59,238 - INFO - 正在连接到服务器 144.202.26.208:8000...
2025-05-13 16:55:02,548 - ERROR - 连接错误: [WinError 10061] 由于目标计算机积极拒绝，无法连接。
2025-05-13 16:55:02,548 - INFO - 将在 7.5 秒后重试连接
2025-05-13 16:55:10,056 - INFO - 正在连接到服务器 144.202.26.208:8000...
2025-05-13 16:55:12,819 - INFO - 成功连接到服务器
2025-05-13 16:55:12,819 - INFO - 发送注册消息: {"type": "register", "tunnel_id": "1"}
2025-05-13 16:55:12,819 - INFO - 注册消息已发送，等待服务器响应...
2025-05-13 16:55:13,333 - INFO - 发送心跳消息
2025-05-13 16:55:13,632 - WARNING - 收到未知类型的消息: heartbeat_response
2025-05-13 16:55:15,752 - INFO - 收到请求: c46274d9-c626-4f2a-94b7-069f932d268b
2025-05-13 16:55:15,755 - INFO - 连接本地服务 127.0.0.1:5008
2025-05-13 16:55:15,768 - INFO - 发送请求到本地服务
2025-05-13 16:55:15,768 - INFO - 等待本地服务响应
2025-05-13 16:55:15,818 - INFO - 响应已发送: c46274d9-c626-4f2a-94b7-069f932d268b
2025-05-13 16:56:08,413 - INFO - 收到请求: 23701b9f-aeeb-45f5-8c0f-1fb216ef2112
2025-05-13 16:56:08,413 - INFO - 连接本地服务 127.0.0.1:5008
2025-05-13 16:56:08,429 - INFO - 发送请求到本地服务
2025-05-13 16:56:08,429 - INFO - 等待本地服务响应
2025-05-13 16:56:08,429 - INFO - 响应已发送: 23701b9f-aeeb-45f5-8c0f-1fb216ef2112
2025-05-13 17:40:28,442 - INFO - 启动客户端，使用子域名 p，隧道ID: p
2025-05-13 17:40:28,442 - INFO - 正在连接到服务器 144.202.26.208:8000...
2025-05-13 17:40:29,097 - INFO - 成功连接到服务器
2025-05-13 17:40:29,098 - INFO - 发送注册消息: {"type": "register", "tunnel_id": "p", "subdomain": "p"}
2025-05-13 17:40:29,099 - INFO - 注册消息已发送，等待服务器响应...
2025-05-13 17:40:29,602 - INFO - 发送心跳消息
2025-05-13 17:40:30,358 - WARNING - 收到未知类型的消息: heartbeat_response
2025-05-13 17:40:34,083 - INFO - 服务器连接已关闭
2025-05-13 17:40:34,083 - INFO - 将在 5 秒后重试连接
2025-05-13 17:40:39,086 - INFO - 正在连接到服务器 144.202.26.208:8000...
2025-05-13 17:40:49,097 - ERROR - 连接错误: timed out
2025-05-13 17:40:49,097 - INFO - 将在 7.5 秒后重试连接
2025-05-13 17:40:56,610 - INFO - 正在连接到服务器 144.202.26.208:8000...
2025-05-13 17:41:06,626 - ERROR - 连接错误: timed out
2025-05-13 17:41:06,626 - INFO - 将在 11.25 秒后重试连接
2025-05-13 17:41:17,886 - INFO - 正在连接到服务器 144.202.26.208:8000...
2025-05-13 17:41:27,888 - ERROR - 连接错误: timed out
2025-05-13 17:41:27,888 - INFO - 将在 16.875 秒后重试连接
2025-05-13 17:41:44,768 - INFO - 正在连接到服务器 144.202.26.208:8000...
2025-05-13 17:41:54,777 - ERROR - 连接错误: timed out
2025-05-13 17:41:54,777 - INFO - 将在 25.3125 秒后重试连接
2025-05-13 17:42:20,106 - INFO - 正在连接到服务器 144.202.26.208:8000...
2025-05-13 17:42:20,377 - INFO - 成功连接到服务器
2025-05-13 17:42:20,377 - INFO - 发送注册消息: {"type": "register", "tunnel_id": "p", "subdomain": "p"}
2025-05-13 17:42:20,379 - INFO - 注册消息已发送，等待服务器响应...
2025-05-13 17:42:20,881 - INFO - 发送心跳消息
2025-05-13 17:42:21,127 - WARNING - 收到未知类型的消息: heartbeat_response
2025-05-13 17:45:49,175 - INFO - 服务器连接已关闭
2025-05-13 17:45:49,181 - INFO - 将在 37.96875 秒后重试连接
2025-05-13 17:46:07,624 - INFO - 正在停止客户端...
2025-05-13 17:46:09,329 - INFO - 启动客户端，使用子域名 p，隧道ID: p
2025-05-13 17:46:09,329 - INFO - 正在连接到服务器 144.202.26.208:8000...
2025-05-13 17:46:09,596 - INFO - 成功连接到服务器
2025-05-13 17:46:09,596 - INFO - 发送注册消息: {"type": "register", "tunnel_id": "p", "subdomain": "p"}
2025-05-13 17:46:09,596 - INFO - 注册消息已发送，等待服务器响应...
2025-05-13 17:46:10,097 - INFO - 发送心跳消息
2025-05-13 17:46:10,333 - WARNING - 收到未知类型的消息: heartbeat_response
2025-05-13 17:49:38,997 - INFO - 服务器连接已关闭
2025-05-13 17:49:38,997 - INFO - 将在 5 秒后重试连接
2025-05-13 17:49:44,010 - INFO - 正在连接到服务器 144.202.26.208:8000...
2025-05-13 17:49:47,343 - ERROR - 连接错误: [WinError 10061] 由于目标计算机积极拒绝，无法连接。
2025-05-13 17:49:47,344 - INFO - 将在 7.5 秒后重试连接
2025-05-13 17:49:54,861 - INFO - 正在连接到服务器 144.202.26.208:8000...
2025-05-13 17:49:56,554 - INFO - 成功连接到服务器
2025-05-13 17:49:56,554 - INFO - 发送注册消息: {"type": "register", "tunnel_id": "p", "subdomain": "p"}
2025-05-13 17:49:56,557 - INFO - 注册消息已发送，等待服务器响应...
2025-05-13 17:49:57,062 - INFO - 发送心跳消息
2025-05-13 17:49:57,277 - WARNING - 收到未知类型的消息: heartbeat_response
2025-05-13 17:50:06,299 - INFO - 启动客户端，使用子域名 p，隧道ID: p
2025-05-13 17:50:06,299 - INFO - 正在连接到服务器 144.202.26.208:8000...
2025-05-13 17:50:06,529 - INFO - 成功连接到服务器
2025-05-13 17:50:06,529 - INFO - 发送注册消息: {"type": "register", "tunnel_id": "p", "subdomain": "p"}
2025-05-13 17:50:06,529 - INFO - 注册消息已发送，等待服务器响应...
2025-05-13 17:50:07,037 - INFO - 发送心跳消息
2025-05-13 17:50:07,254 - WARNING - 收到未知类型的消息: heartbeat_response
2025-05-13 17:52:23,121 - INFO - 服务器连接已关闭
2025-05-13 17:52:23,121 - INFO - 将在 5 秒后重试连接
2025-05-13 17:52:28,127 - INFO - 正在连接到服务器 144.202.26.208:8000...
2025-05-13 17:52:31,618 - ERROR - 连接错误: [WinError 10061] 由于目标计算机积极拒绝，无法连接。
2025-05-13 17:52:31,618 - INFO - 将在 7.5 秒后重试连接
2025-05-13 17:52:38,382 - INFO - 正在停止客户端...
2025-05-13 17:52:39,913 - INFO - 启动客户端，使用子域名 p，隧道ID: p
2025-05-13 17:52:39,913 - INFO - 正在连接到服务器 144.202.26.208:8000...
2025-05-13 17:52:40,186 - INFO - 成功连接到服务器
2025-05-13 17:52:40,187 - INFO - 发送注册消息: {"type": "register", "tunnel_id": "p", "subdomain": "p"}
2025-05-13 17:52:40,187 - INFO - 注册消息已发送，等待服务器响应...
2025-05-13 17:52:40,698 - INFO - 发送心跳消息
2025-05-13 17:52:40,957 - WARNING - 收到未知类型的消息: heartbeat_response
2025-05-13 18:07:49,407 - INFO - 启动客户端，使用子域名 p，隧道ID: p
2025-05-13 18:07:49,407 - INFO - 正在连接到服务器 144.202.26.208:8000...
2025-05-13 18:07:49,661 - INFO - 成功连接到服务器
2025-05-13 18:07:49,662 - INFO - 发送注册消息: {"type": "register", "tunnel_id": "p", "subdomain": "p"}
2025-05-13 18:07:49,662 - INFO - 注册消息已发送，等待服务器响应...
2025-05-13 18:07:50,170 - INFO - 发送心跳消息
2025-05-13 18:07:50,417 - WARNING - 收到未知类型的消息: heartbeat_response
2025-05-13 18:08:19,913 - INFO - 收到请求: 4aec9c94-b0c8-46f6-bb5b-86d74e777105
2025-05-13 18:08:19,922 - INFO - 连接本地服务 127.0.0.1:5008
2025-05-13 18:08:19,937 - INFO - 发送请求到本地服务
2025-05-13 18:08:19,937 - INFO - 等待本地服务响应
2025-05-13 18:08:19,944 - INFO - 响应已发送: 4aec9c94-b0c8-46f6-bb5b-86d74e777105
2025-05-13 18:08:21,722 - INFO - 收到请求: 1e55645a-7fae-4b0c-b500-e0e0d1fbfe95
2025-05-13 18:08:21,722 - INFO - 连接本地服务 127.0.0.1:5008
2025-05-13 18:08:21,754 - INFO - 发送请求到本地服务
2025-05-13 18:08:21,754 - INFO - 等待本地服务响应
2025-05-13 18:08:22,038 - INFO - 响应已发送: 1e55645a-7fae-4b0c-b500-e0e0d1fbfe95
2025-05-13 18:08:24,617 - INFO - 收到请求: e2ab0334-b089-47ce-be6a-1e2b53fc60cf
2025-05-13 18:08:24,617 - INFO - 连接本地服务 127.0.0.1:5008
2025-05-13 18:08:24,645 - INFO - 发送请求到本地服务
2025-05-13 18:08:24,645 - INFO - 等待本地服务响应
2025-05-13 18:08:24,651 - INFO - 响应已发送: e2ab0334-b089-47ce-be6a-1e2b53fc60cf
2025-05-13 18:08:25,574 - INFO - 收到请求: e777a9a5-7f9b-47be-bcb1-904623d4f54c
2025-05-13 18:08:25,574 - INFO - 连接本地服务 127.0.0.1:5008
2025-05-13 18:08:25,597 - INFO - 发送请求到本地服务
2025-05-13 18:08:25,597 - INFO - 等待本地服务响应
2025-05-13 18:08:25,607 - INFO - 响应已发送: e777a9a5-7f9b-47be-bcb1-904623d4f54c
2025-05-13 18:08:27,875 - INFO - 收到请求: 25c26e0b-5f70-4ce9-abee-b0d51b9d8440
2025-05-13 18:08:27,875 - INFO - 连接本地服务 127.0.0.1:5008
2025-05-13 18:08:27,895 - INFO - 发送请求到本地服务
2025-05-13 18:08:27,895 - INFO - 等待本地服务响应
2025-05-13 18:08:27,897 - INFO - 响应已发送: 25c26e0b-5f70-4ce9-abee-b0d51b9d8440
2025-05-13 18:08:28,450 - INFO - 收到请求: dbd5b1bb-ac8d-4cde-b0ba-74424f7b6bed
2025-05-13 18:08:28,450 - INFO - 连接本地服务 127.0.0.1:5008
2025-05-13 18:08:28,463 - INFO - 发送请求到本地服务
2025-05-13 18:08:28,464 - INFO - 等待本地服务响应
2025-05-13 18:08:28,465 - INFO - 响应已发送: dbd5b1bb-ac8d-4cde-b0ba-74424f7b6bed
2025-05-13 18:12:03,386 - INFO - 启动客户端，使用子域名 p，隧道ID: p
2025-05-13 18:12:03,386 - INFO - 正在连接到服务器 144.202.26.208:8000...
2025-05-13 18:12:03,697 - INFO - 成功连接到服务器
2025-05-13 18:12:03,697 - INFO - 发送注册消息: {"type": "register", "tunnel_id": "p", "subdomain": "p"}
2025-05-13 18:12:03,697 - INFO - 注册消息已发送，等待服务器响应...
2025-05-13 18:12:04,200 - INFO - 发送心跳消息
2025-05-13 18:12:04,581 - WARNING - 收到未知类型的消息: heartbeat_response
2025-05-13 18:12:19,214 - INFO - 收到请求: 528a8c59-d9ed-4729-a681-7cbec36b9528
2025-05-13 18:12:19,214 - INFO - 连接本地服务 127.0.0.1:5008
2025-05-13 18:12:19,236 - INFO - 等待本地服务响应
2025-05-13 18:12:19,247 - INFO - 响应已发送: 528a8c59-d9ed-4729-a681-7cbec36b9528
2025-05-13 18:12:20,149 - INFO - 收到请求: 22bad642-5332-4668-b341-7d5c7b8f7fe4
2025-05-13 18:12:20,152 - INFO - 连接本地服务 127.0.0.1:5008
2025-05-13 18:12:20,152 - INFO - 等待本地服务响应
2025-05-13 18:12:20,164 - INFO - 响应已发送: 22bad642-5332-4668-b341-7d5c7b8f7fe4
2025-05-13 18:12:20,828 - INFO - 收到请求: fbd036f0-fa0a-40d4-b948-e410b71e16a4
2025-05-13 18:12:20,828 - INFO - 连接本地服务 127.0.0.1:5008
2025-05-13 18:12:20,842 - INFO - 等待本地服务响应
2025-05-13 18:12:20,844 - INFO - 响应已发送: fbd036f0-fa0a-40d4-b948-e410b71e16a4
2025-05-13 18:12:23,959 - INFO - 收到请求: 17bf7d33-2493-437a-8c40-760c9fd4b78e
2025-05-13 18:12:23,962 - INFO - 连接本地服务 127.0.0.1:5008
2025-05-13 18:12:23,981 - INFO - 等待本地服务响应
2025-05-13 18:12:23,986 - INFO - 响应已发送: 17bf7d33-2493-437a-8c40-760c9fd4b78e
2025-05-13 18:12:25,423 - INFO - 收到请求: 747a7659-58ee-4aca-a726-2a458ec71610
2025-05-13 18:12:25,423 - INFO - 连接本地服务 127.0.0.1:5008
2025-05-13 18:12:25,451 - INFO - 等待本地服务响应
2025-05-13 18:12:25,457 - INFO - 响应已发送: 747a7659-58ee-4aca-a726-2a458ec71610
2025-05-17 10:23:53,273 - INFO - 启动客户端，使用子域名 p，隧道ID: p
2025-05-17 10:23:53,273 - INFO - 正在连接到服务器 144.202.26.208:8000...
2025-05-17 10:23:54,259 - INFO - 成功连接到服务器
2025-05-17 10:23:54,259 - INFO - 发送注册消息: {"type": "register", "tunnel_id": "p", "subdomain": "p"}
2025-05-17 10:23:54,259 - INFO - 注册消息已发送，等待服务器响应...
2025-05-17 10:23:54,765 - ERROR - 连接错误: [WinError 10054] 远程主机强迫关闭了一个现有的连接。
2025-05-17 10:23:54,765 - INFO - 将在 5 秒后重试连接
2025-05-17 10:23:59,778 - INFO - 正在连接到服务器 144.202.26.208:8000...
2025-05-17 10:24:00,319 - INFO - 成功连接到服务器
2025-05-17 10:24:00,320 - INFO - 发送注册消息: {"type": "register", "tunnel_id": "p", "subdomain": "p"}
2025-05-17 10:24:00,320 - INFO - 注册消息已发送，等待服务器响应...
2025-05-17 10:24:00,825 - ERROR - 连接错误: [WinError 10054] 远程主机强迫关闭了一个现有的连接。
2025-05-17 10:24:00,825 - INFO - 将在 7.5 秒后重试连接
2025-05-17 10:24:08,331 - INFO - 正在连接到服务器 144.202.26.208:8000...
2025-05-17 10:24:08,594 - INFO - 成功连接到服务器
2025-05-17 10:24:08,594 - INFO - 发送注册消息: {"type": "register", "tunnel_id": "p", "subdomain": "p"}
2025-05-17 10:24:08,594 - INFO - 注册消息已发送，等待服务器响应...
2025-05-17 10:24:09,109 - ERROR - 连接错误: [WinError 10054] 远程主机强迫关闭了一个现有的连接。
2025-05-17 10:24:09,111 - INFO - 将在 11.25 秒后重试连接
2025-05-17 10:24:20,370 - INFO - 正在连接到服务器 144.202.26.208:8000...
2025-05-17 10:24:20,631 - INFO - 成功连接到服务器
2025-05-17 10:24:20,631 - INFO - 发送注册消息: {"type": "register", "tunnel_id": "p", "subdomain": "p"}
2025-05-17 10:24:20,633 - INFO - 注册消息已发送，等待服务器响应...
2025-05-17 10:24:21,138 - INFO - 发送心跳消息
2025-05-17 10:24:21,382 - WARNING - 收到未知类型的消息: heartbeat_response
2025-05-17 10:24:22,954 - INFO - 收到请求: e4f4c8a7-4eb5-467c-ad22-799431086194
2025-05-17 10:24:22,958 - INFO - 连接本地服务 127.0.0.1:5008
2025-05-17 10:24:22,972 - INFO - 等待本地服务响应
2025-05-17 10:24:22,974 - INFO - 响应已发送: e4f4c8a7-4eb5-467c-ad22-799431086194
2025-05-17 10:24:23,885 - INFO - 收到请求: 709bcbc4-3cac-4162-b91b-6fa401ccecdb
2025-05-17 10:24:23,897 - INFO - 连接本地服务 127.0.0.1:5008
2025-05-17 10:24:23,922 - INFO - 等待本地服务响应
2025-05-17 10:24:23,930 - INFO - 响应已发送: 709bcbc4-3cac-4162-b91b-6fa401ccecdb
2025-05-17 10:24:24,909 - INFO - 收到请求: a6a43e0d-b7dc-431d-bd2e-3a43a83311f7
2025-05-17 10:24:24,914 - INFO - 连接本地服务 127.0.0.1:5008
2025-05-17 10:24:24,929 - INFO - 等待本地服务响应
2025-05-17 10:24:24,953 - INFO - 响应已发送: a6a43e0d-b7dc-431d-bd2e-3a43a83311f7
2025-05-17 10:24:26,274 - INFO - 收到请求: 415c6d97-8235-48fc-9135-59c564c306da
2025-05-17 10:24:26,274 - INFO - 连接本地服务 127.0.0.1:5008
2025-05-17 10:24:26,291 - INFO - 等待本地服务响应
2025-05-17 10:24:26,296 - INFO - 响应已发送: 415c6d97-8235-48fc-9135-59c564c306da
2025-05-17 10:24:27,595 - INFO - 收到请求: ab2d7334-d158-48fd-9b56-937434207f85
2025-05-17 10:24:27,603 - INFO - 连接本地服务 127.0.0.1:5008
2025-05-17 10:24:27,603 - INFO - 等待本地服务响应
2025-05-17 10:24:27,613 - INFO - 响应已发送: ab2d7334-d158-48fd-9b56-937434207f85
2025-05-17 10:24:27,855 - INFO - 收到请求: f36defc4-a53f-4a92-aa24-c8b65e1a926e
2025-05-17 10:24:27,860 - INFO - 连接本地服务 127.0.0.1:5008
2025-05-17 10:24:27,885 - INFO - 等待本地服务响应
2025-05-17 10:24:27,887 - INFO - 响应已发送: f36defc4-a53f-4a92-aa24-c8b65e1a926e
2025-05-17 10:24:28,809 - INFO - 收到请求: ee4fb651-fdf9-40ac-a145-1274b1d94770
2025-05-17 10:24:28,809 - INFO - 连接本地服务 127.0.0.1:5008
2025-05-17 10:24:28,834 - INFO - 等待本地服务响应
2025-05-17 10:24:28,838 - INFO - 响应已发送: ee4fb651-fdf9-40ac-a145-1274b1d94770
2025-05-17 10:24:31,907 - INFO - 收到请求: 365e5d37-2139-42c9-b5c0-dad6f66ee88c
2025-05-17 10:24:31,909 - INFO - 连接本地服务 127.0.0.1:5008
2025-05-17 10:24:31,938 - INFO - 等待本地服务响应
2025-05-17 10:24:41,939 - WARNING - 读取本地服务响应超时
2025-05-17 10:24:41,939 - WARNING - 本地服务没有返回响应
2025-05-17 10:24:41,940 - INFO - 错误响应已发送: 365e5d37-2139-42c9-b5c0-dad6f66ee88c
2025-05-17 10:24:42,530 - INFO - 收到请求: c8cd16d1-0d1b-4136-a517-8777cd530825
2025-05-17 10:24:42,532 - INFO - 连接本地服务 127.0.0.1:5008
2025-05-17 10:24:42,545 - INFO - 等待本地服务响应
2025-05-17 10:24:42,551 - INFO - 响应已发送: c8cd16d1-0d1b-4136-a517-8777cd530825
2025-05-17 10:25:26,143 - INFO - 收到请求: 2c7c6603-3c0b-49db-8c01-8dab31276d7a
2025-05-17 10:25:26,145 - INFO - 连接本地服务 127.0.0.1:5008
2025-05-17 10:25:26,148 - INFO - 等待本地服务响应
2025-05-17 10:25:26,198 - INFO - 响应已发送: 2c7c6603-3c0b-49db-8c01-8dab31276d7a
2025-05-17 10:25:27,180 - INFO - 收到请求: 34e1ca4f-610f-4113-8035-728e3730df19
2025-05-17 10:25:27,187 - INFO - 连接本地服务 127.0.0.1:5008
2025-05-17 10:25:27,203 - INFO - 等待本地服务响应
2025-05-17 10:25:27,204 - INFO - 响应已发送: 34e1ca4f-610f-4113-8035-728e3730df19
2025-05-17 10:25:50,857 - INFO - 收到请求: 88fd1584-9a27-44e8-9ba6-1d8e40a9d2cc
2025-05-17 10:25:50,857 - INFO - 连接本地服务 127.0.0.1:5008
2025-05-17 10:25:50,878 - INFO - 等待本地服务响应
2025-05-17 10:25:50,881 - INFO - 响应已发送: 88fd1584-9a27-44e8-9ba6-1d8e40a9d2cc
2025-05-17 10:25:51,861 - INFO - 收到请求: 8ed4add5-ca0a-406b-a19a-e43d4b163212
2025-05-17 10:25:51,861 - INFO - 连接本地服务 127.0.0.1:5008
2025-05-17 10:25:51,887 - INFO - 等待本地服务响应
2025-05-17 10:25:51,891 - INFO - 响应已发送: 8ed4add5-ca0a-406b-a19a-e43d4b163212
2025-05-17 10:25:54,739 - INFO - 收到请求: d9143cd6-41e4-481e-9783-801d7b26a469
2025-05-17 10:25:54,741 - INFO - 连接本地服务 127.0.0.1:5008
2025-05-17 10:25:54,768 - INFO - 等待本地服务响应
2025-05-17 10:26:02,434 - INFO - 响应已发送: d9143cd6-41e4-481e-9783-801d7b26a469
2025-05-17 10:26:03,443 - INFO - 收到请求: 4d93c037-d36d-475e-b217-0c366e981ba4
2025-05-17 10:26:03,451 - INFO - 连接本地服务 127.0.0.1:5008
2025-05-17 10:26:03,471 - INFO - 等待本地服务响应
2025-05-17 10:26:03,473 - INFO - 响应已发送: 4d93c037-d36d-475e-b217-0c366e981ba4
2025-05-17 10:26:06,516 - INFO - 收到请求: dc88df15-650d-469d-8f65-dd848ed60117
2025-05-17 10:26:06,519 - INFO - 连接本地服务 127.0.0.1:5008
2025-05-17 10:26:06,531 - INFO - 等待本地服务响应
2025-05-17 10:26:06,565 - INFO - 响应已发送: dc88df15-650d-469d-8f65-dd848ed60117
2025-05-17 10:26:07,457 - INFO - 收到请求: 532f1192-2b6d-476e-b464-6ef4fd2b96a9
2025-05-17 10:26:07,467 - INFO - 连接本地服务 127.0.0.1:5008
2025-05-17 10:26:07,492 - INFO - 等待本地服务响应
2025-05-17 10:26:07,496 - INFO - 响应已发送: 532f1192-2b6d-476e-b464-6ef4fd2b96a9
2025-05-17 10:26:10,426 - INFO - 收到请求: affa603c-15e3-49e8-9bc4-088fc97a85e2
2025-05-17 10:26:10,430 - INFO - 连接本地服务 127.0.0.1:5008
2025-05-17 10:26:10,454 - INFO - 等待本地服务响应
2025-05-17 10:26:20,460 - WARNING - 读取本地服务响应超时
2025-05-17 10:26:20,461 - WARNING - 本地服务没有返回响应
2025-05-17 10:26:20,461 - INFO - 错误响应已发送: affa603c-15e3-49e8-9bc4-088fc97a85e2
2025-05-17 10:27:48,684 - INFO - 收到请求: f4dd3eaf-063f-4b5b-af23-251ecf114e53
2025-05-17 10:27:48,684 - INFO - 连接本地服务 127.0.0.1:5008
2025-05-17 10:27:48,716 - INFO - 等待本地服务响应
2025-05-17 10:27:48,751 - INFO - 响应已发送: f4dd3eaf-063f-4b5b-af23-251ecf114e53
2025-05-17 10:29:30,519 - INFO - 收到请求: 8d4a617b-6dd7-4fbf-a86b-64d3865b5d20
2025-05-17 10:29:30,519 - INFO - 连接本地服务 127.0.0.1:5008
2025-05-17 10:29:30,544 - INFO - 等待本地服务响应
2025-05-17 10:29:30,549 - INFO - 响应已发送: 8d4a617b-6dd7-4fbf-a86b-64d3865b5d20
2025-05-17 10:29:32,304 - INFO - 收到请求: 193baf49-8bd8-42b7-85a9-88c0d863d30b
2025-05-17 10:29:32,304 - INFO - 连接本地服务 127.0.0.1:5008
2025-05-17 10:29:32,319 - INFO - 等待本地服务响应
2025-05-17 10:29:32,330 - INFO - 响应已发送: 193baf49-8bd8-42b7-85a9-88c0d863d30b
2025-05-17 10:33:01,553 - INFO - 收到请求: 75878f20-294e-4479-878a-1d4678b8c986
2025-05-17 10:33:01,553 - INFO - 连接本地服务 127.0.0.1:5008
2025-05-17 10:33:01,585 - INFO - 等待本地服务响应
2025-05-17 10:33:01,591 - INFO - 响应已发送: 75878f20-294e-4479-878a-1d4678b8c986
2025-05-17 10:33:02,456 - INFO - 收到请求: 600254d8-cd33-4b7d-9c0c-0a965b18d92a
2025-05-17 10:33:02,456 - INFO - 连接本地服务 127.0.0.1:5008
2025-05-17 10:33:02,473 - INFO - 等待本地服务响应
2025-05-17 10:33:02,483 - INFO - 响应已发送: 600254d8-cd33-4b7d-9c0c-0a965b18d92a
2025-05-17 10:33:36,030 - INFO - 服务器连接已关闭
2025-05-17 10:33:36,030 - INFO - 将在 16.875 秒后重试连接
2025-05-17 10:33:52,916 - INFO - 正在连接到服务器 144.202.26.208:8000...
2025-05-17 10:33:56,482 - ERROR - 连接错误: [WinError 10061] 由于目标计算机积极拒绝，无法连接。
2025-05-17 10:33:56,484 - INFO - 将在 25.3125 秒后重试连接
2025-05-17 10:34:21,697 - INFO - 正在停止客户端...
